Arguments: 
  /usr/local/Cellar/node/9.5.0/bin/node /usr/local/Cellar/yarn/1.3.2/libexec/bin/yarn.js publish

PATH: 
  /Users/howard/anaconda3/bin::/usr/local/sbin:/usr/games:/Users/howard/local/bin:/usr/local/bin:/usr/bin:/bin:/usr/sbin:/sbin:/opt/X11/bin:/usr/texbin:/Users/howard/go/bin:/Library/Java/JavaVirtualMachines/jdk1.7.0_40.jdk/Contents/Home:/usr/local/opt/fzf/bin:/Users/howard/src/depot_tools:/Users/howard/bin:/Users/howard/.config/yarn/global/node_modules/.bin:./node_modules/.bin:/usr/local/Cellar/node/8.1.4/bin:/Users/howard/.cargo/bin

Yarn version: 
  1.3.2

Node version: 
  9.5.0

Platform: 
  darwin x64

npm manifest: 
  {
    "name": "documents",
    "scripts": {
      "start": "gitbook serve",
      "build": "gitbook build",
      "publish": "GIT_DEPLOY_DIR=_book ./deploy.sh",
      "deploy": "npm run build && npm run publish"
    },
    "version": "1.0.0",
    "description": "qtum documentation project",
    "main": "index.js",
    "repository": "git@github.com:qtumproject/documents.git",
    "author": "Howard Yeh <howard@metacircus.com>",
    "license": "MIT"
  }

yarn manifest: 
  No manifest

Lockfile: 
  No lockfile

Trace: 
  Error: canceled
      at Interface.<anonymous> (/usr/local/Cellar/yarn/1.3.2/libexec/lib/cli.js:121045:13)
      at Interface.emit (events.js:160:13)
      at Interface._ttyWrite (readline.js:785:16)
      at ReadStream.onkeypress (readline.js:165:10)
      at ReadStream.emit (events.js:160:13)
      at emitKeys (internal/readline.js:420:14)
      at emitKeys.next (<anonymous>)
      at ReadStream.onData (readline.js:1021:36)
      at ReadStream.emit (events.js:160:13)
      at addChunk (_stream_readable.js:269:12)
